2025-07-12 01:09:53 [ERROR] [dc6vum814] ⏱️ Request timeout - Python server took too long
2025-07-12 01:11:10 [ERROR] [nhhxpfj9o] ⏱️ Request timeout - Python server took too long
2025-07-12 01:20:42 [ERROR] [hv1pqjuw3] ⏱️ Request timeout - Python server took too long
2025-07-12 13:30:17 [ERROR] ReferenceError: logger is not defined
    at exports.addChat (C:\Users\arsha\OneDrive - Manipal Academy of Higher Education\Documents\Intel_Assistant\backend\app\controllers\chat.controller.js:319:7)
    at process.processTicksAndRejections (node:internal/process/task_queues:95:5)
2025-07-12 13:30:48 [ERROR] ReferenceError: logger is not defined
    at exports.addChat (C:\Users\arsha\OneDrive - Manipal Academy of Higher Education\Documents\Intel_Assistant\backend\app\controllers\chat.controller.js:319:7)
    at process.processTicksAndRejections (node:internal/process/task_queues:95:5)
2025-07-12 13:36:31 [ERROR] ReferenceError: logger is not defined
    at exports.addChat (C:\Users\arsha\OneDrive - Manipal Academy of Higher Education\Documents\Intel_Assistant\backend\app\controllers\chat.controller.js:319:7)
    at process.processTicksAndRejections (node:internal/process/task_queues:95:5)
2025-07-12 13:39:34 [ERROR] ReferenceError: logger is not defined
    at exports.addChat (C:\Users\arsha\OneDrive - Manipal Academy of Higher Education\Documents\Intel_Assistant\backend\app\controllers\chat.controller.js:313:7)
    at process.processTicksAndRejections (node:internal/process/task_queues:95:5)
2025-07-12 13:40:05 [ERROR] ReferenceError: logger is not defined
    at exports.addChat (C:\Users\arsha\OneDrive - Manipal Academy of Higher Education\Documents\Intel_Assistant\backend\app\controllers\chat.controller.js:319:7)
    at process.processTicksAndRejections (node:internal/process/task_queues:95:5)
2025-07-12 13:41:46 [ERROR] ReferenceError: logger is not defined
    at exports.addChat (C:\Users\arsha\OneDrive - Manipal Academy of Higher Education\Documents\Intel_Assistant\backend\app\controllers\chat.controller.js:319:7)
    at process.processTicksAndRejections (node:internal/process/task_queues:95:5)
2025-07-12 13:42:16 [ERROR] ReferenceError: logger is not defined
    at exports.addChat (C:\Users\arsha\OneDrive - Manipal Academy of Higher Education\Documents\Intel_Assistant\backend\app\controllers\chat.controller.js:319:7)
    at process.processTicksAndRejections (node:internal/process/task_queues:95:5)
2025-07-12 13:43:51 [ERROR] ReferenceError: logger is not defined
    at exports.addChat (C:\Users\arsha\OneDrive - Manipal Academy of Higher Education\Documents\Intel_Assistant\backend\app\controllers\chat.controller.js:319:7)
    at process.processTicksAndRejections (node:internal/process/task_queues:95:5)
2025-07-12 13:54:50 [ERROR] ReferenceError: logger is not defined
    at exports.addChat (C:\Users\arsha\OneDrive - Manipal Academy of Higher Education\Documents\Intel_Assistant\backend\app\controllers\chat.controller.js:319:7)
    at process.processTicksAndRejections (node:internal/process/task_queues:95:5)
2025-07-12 13:56:43 [ERROR] ReferenceError: logger is not defined
    at exports.addChat (C:\Users\arsha\OneDrive - Manipal Academy of Higher Education\Documents\Intel_Assistant\backend\app\controllers\chat.controller.js:319:7)
    at process.processTicksAndRejections (node:internal/process/task_queues:95:5)
2025-07-12 13:58:48 [ERROR] ReferenceError: logger is not defined
    at exports.addChat (C:\Users\arsha\OneDrive - Manipal Academy of Higher Education\Documents\Intel_Assistant\backend\app\controllers\chat.controller.js:319:7)
    at process.processTicksAndRejections (node:internal/process/task_queues:95:5)
2025-07-12 15:54:43 [ERROR] ReferenceError: logger is not defined
    at exports.addChat (C:\Users\arsha\OneDrive - Manipal Academy of Higher Education\Documents\Intel_Assistant\backend\app\controllers\chat.controller.js:319:7)
    at process.processTicksAndRejections (node:internal/process/task_queues:95:5)
2025-07-12 15:56:12 [ERROR] ReferenceError: logger is not defined
    at exports.addChat (C:\Users\arsha\OneDrive - Manipal Academy of Higher Education\Documents\Intel_Assistant\backend\app\controllers\chat.controller.js:319:7)
    at process.processTicksAndRejections (node:internal/process/task_queues:95:5)
2025-07-12 15:58:00 [ERROR] ReferenceError: logger is not defined
    at exports.addChat (C:\Users\arsha\OneDrive - Manipal Academy of Higher Education\Documents\Intel_Assistant\backend\app\controllers\chat.controller.js:313:7)
    at process.processTicksAndRejections (node:internal/process/task_queues:95:5)
2025-07-12 15:58:14 [ERROR] ReferenceError: logger is not defined
    at exports.addChat (C:\Users\arsha\OneDrive - Manipal Academy of Higher Education\Documents\Intel_Assistant\backend\app\controllers\chat.controller.js:313:7)
    at process.processTicksAndRejections (node:internal/process/task_queues:95:5)
2025-07-12 15:59:38 [ERROR] ReferenceError: logger is not defined
    at exports.addChat (C:\Users\arsha\OneDrive - Manipal Academy of Higher Education\Documents\Intel_Assistant\backend\app\controllers\chat.controller.js:319:7)
    at process.processTicksAndRejections (node:internal/process/task_queues:95:5)
2025-07-12 16:00:26 [ERROR] ReferenceError: logger is not defined
    at exports.addChat (C:\Users\arsha\OneDrive - Manipal Academy of Higher Education\Documents\Intel_Assistant\backend\app\controllers\chat.controller.js:319:7)
    at process.processTicksAndRejections (node:internal/process/task_queues:95:5)
2025-07-12 16:05:11 [ERROR] ReferenceError: logger is not defined
    at exports.addChat (C:\Users\arsha\OneDrive - Manipal Academy of Higher Education\Documents\Intel_Assistant\backend\app\controllers\chat.controller.js:319:7)
    at process.processTicksAndRejections (node:internal/process/task_queues:95:5)
2025-07-12 16:08:54 [ERROR] ReferenceError: logger is not defined
    at exports.addChat (C:\Users\arsha\OneDrive - Manipal Academy of Higher Education\Documents\Intel_Assistant\backend\app\controllers\chat.controller.js:319:7)
    at process.processTicksAndRejections (node:internal/process/task_queues:95:5)
2025-07-12 16:10:15 [ERROR] ReferenceError: logger is not defined
    at exports.addChat (C:\Users\arsha\OneDrive - Manipal Academy of Higher Education\Documents\Intel_Assistant\backend\app\controllers\chat.controller.js:319:7)
    at process.processTicksAndRejections (node:internal/process/task_queues:95:5)
2025-07-12 16:10:33 [ERROR] ReferenceError: logger is not defined
    at exports.addChat (C:\Users\arsha\OneDrive - Manipal Academy of Higher Education\Documents\Intel_Assistant\backend\app\controllers\chat.controller.js:319:7)
    at process.processTicksAndRejections (node:internal/process/task_queues:95:5)
2025-07-12 16:11:24 [ERROR] ReferenceError: logger is not defined
    at exports.addChat (C:\Users\arsha\OneDrive - Manipal Academy of Higher Education\Documents\Intel_Assistant\backend\app\controllers\chat.controller.js:319:7)
    at process.processTicksAndRejections (node:internal/process/task_queues:95:5)
2025-07-12 16:12:03 [ERROR] ReferenceError: logger is not defined
    at exports.addChat (C:\Users\arsha\OneDrive - Manipal Academy of Higher Education\Documents\Intel_Assistant\backend\app\controllers\chat.controller.js:319:7)
    at process.processTicksAndRejections (node:internal/process/task_queues:95:5)
2025-07-12 16:12:49 [ERROR] ReferenceError: logger is not defined
    at exports.addChat (C:\Users\arsha\OneDrive - Manipal Academy of Higher Education\Documents\Intel_Assistant\backend\app\controllers\chat.controller.js:319:7)
    at process.processTicksAndRejections (node:internal/process/task_queues:95:5)
2025-07-12 16:15:31 [ERROR] ReferenceError: logger is not defined
    at exports.addChat (C:\Users\arsha\OneDrive - Manipal Academy of Higher Education\Documents\Intel_Assistant\backend\app\controllers\chat.controller.js:319:7)
    at process.processTicksAndRejections (node:internal/process/task_queues:95:5)
2025-07-12 16:25:51 [ERROR] ReferenceError: logger is not defined
    at exports.addChat (C:\Users\arsha\OneDrive - Manipal Academy of Higher Education\Documents\Intel_Assistant\backend\app\controllers\chat.controller.js:337:7)
2025-07-12 16:26:12 [ERROR] ReferenceError: logger is not defined
    at exports.addChat (C:\Users\arsha\OneDrive - Manipal Academy of Higher Education\Documents\Intel_Assistant\backend\app\controllers\chat.controller.js:328:7)
    at process.processTicksAndRejections (node:internal/process/task_queues:95:5)
2025-07-12 16:26:53 [ERROR] ReferenceError: logger is not defined
    at exports.addChat (C:\Users\arsha\OneDrive - Manipal Academy of Higher Education\Documents\Intel_Assistant\backend\app\controllers\chat.controller.js:328:7)
    at process.processTicksAndRejections (node:internal/process/task_queues:95:5)
2025-07-12 16:27:41 [ERROR] ReferenceError: logger is not defined
    at exports.addChat (C:\Users\arsha\OneDrive - Manipal Academy of Higher Education\Documents\Intel_Assistant\backend\app\controllers\chat.controller.js:328:7)
    at process.processTicksAndRejections (node:internal/process/task_queues:95:5)
2025-07-12 16:28:23 [ERROR] ReferenceError: logger is not defined
    at exports.addChat (C:\Users\arsha\OneDrive - Manipal Academy of Higher Education\Documents\Intel_Assistant\backend\app\controllers\chat.controller.js:337:7)
    at process.processTicksAndRejections (node:internal/process/task_queues:95:5)
2025-07-12 16:28:54 [ERROR] ReferenceError: logger is not defined
    at exports.addChat (C:\Users\arsha\OneDrive - Manipal Academy of Higher Education\Documents\Intel_Assistant\backend\app\controllers\chat.controller.js:337:7)
2025-07-12 16:30:09 [ERROR] ReferenceError: logger is not defined
    at exports.addChat (C:\Users\arsha\OneDrive - Manipal Academy of Higher Education\Documents\Intel_Assistant\backend\app\controllers\chat.controller.js:337:7)
    at process.processTicksAndRejections (node:internal/process/task_queues:95:5)
2025-07-12 16:30:39 [ERROR] ReferenceError: logger is not defined
    at exports.addChat (C:\Users\arsha\OneDrive - Manipal Academy of Higher Education\Documents\Intel_Assistant\backend\app\controllers\chat.controller.js:337:7)
    at process.processTicksAndRejections (node:internal/process/task_queues:95:5)
2025-07-12 16:31:58 [ERROR] ReferenceError: logger is not defined
    at exports.addChat (C:\Users\arsha\OneDrive - Manipal Academy of Higher Education\Documents\Intel_Assistant\backend\app\controllers\chat.controller.js:337:7)
    at process.processTicksAndRejections (node:internal/process/task_queues:95:5)
2025-07-12 16:33:27 [ERROR] ReferenceError: logger is not defined
    at exports.addChat (C:\Users\arsha\OneDrive - Manipal Academy of Higher Education\Documents\Intel_Assistant\backend\app\controllers\chat.controller.js:337:7)
    at process.processTicksAndRejections (node:internal/process/task_queues:95:5)
2025-07-12 16:34:20 [ERROR] ReferenceError: logger is not defined
    at exports.addChat (C:\Users\arsha\OneDrive - Manipal Academy of Higher Education\Documents\Intel_Assistant\backend\app\controllers\chat.controller.js:337:7)
    at process.processTicksAndRejections (node:internal/process/task_queues:95:5)
2025-07-12 16:34:37 [ERROR] ReferenceError: logger is not defined
    at exports.addChat (C:\Users\arsha\OneDrive - Manipal Academy of Higher Education\Documents\Intel_Assistant\backend\app\controllers\chat.controller.js:337:7)
    at process.processTicksAndRejections (node:internal/process/task_queues:95:5)
2025-07-12 16:35:17 [ERROR] ReferenceError: logger is not defined
    at exports.addChat (C:\Users\arsha\OneDrive - Manipal Academy of Higher Education\Documents\Intel_Assistant\backend\app\controllers\chat.controller.js:337:7)
    at process.processTicksAndRejections (node:internal/process/task_queues:95:5)
2025-07-12 16:35:37 [ERROR] ReferenceError: logger is not defined
    at exports.addChat (C:\Users\arsha\OneDrive - Manipal Academy of Higher Education\Documents\Intel_Assistant\backend\app\controllers\chat.controller.js:337:7)
    at process.processTicksAndRejections (node:internal/process/task_queues:95:5)
2025-07-12 16:38:14 [ERROR] ReferenceError: logger is not defined
    at exports.addChat (C:\Users\arsha\OneDrive - Manipal Academy of Higher Education\Documents\Intel_Assistant\backend\app\controllers\chat.controller.js:328:7)
    at process.processTicksAndRejections (node:internal/process/task_queues:95:5)
2025-07-12 16:38:52 [ERROR] ReferenceError: logger is not defined
    at exports.addChat (C:\Users\arsha\OneDrive - Manipal Academy of Higher Education\Documents\Intel_Assistant\backend\app\controllers\chat.controller.js:337:7)
    at process.processTicksAndRejections (node:internal/process/task_queues:95:5)
2025-07-12 16:40:26 [ERROR] ReferenceError: logger is not defined
    at exports.addChat (C:\Users\arsha\OneDrive - Manipal Academy of Higher Education\Documents\Intel_Assistant\backend\app\controllers\chat.controller.js:337:7)
    at process.processTicksAndRejections (node:internal/process/task_queues:95:5)
2025-07-12 16:41:13 [ERROR] ReferenceError: logger is not defined
    at exports.addChat (C:\Users\arsha\OneDrive - Manipal Academy of Higher Education\Documents\Intel_Assistant\backend\app\controllers\chat.controller.js:337:7)
    at process.processTicksAndRejections (node:internal/process/task_queues:95:5)
2025-07-12 16:41:57 [ERROR] ReferenceError: logger is not defined
    at exports.addChat (C:\Users\arsha\OneDrive - Manipal Academy of Higher Education\Documents\Intel_Assistant\backend\app\controllers\chat.controller.js:337:7)
    at process.processTicksAndRejections (node:internal/process/task_queues:95:5)
2025-07-12 16:42:59 [ERROR] ReferenceError: logger is not defined
    at exports.addChat (C:\Users\arsha\OneDrive - Manipal Academy of Higher Education\Documents\Intel_Assistant\backend\app\controllers\chat.controller.js:337:7)
    at process.processTicksAndRejections (node:internal/process/task_queues:95:5)
2025-07-12 16:44:11 [ERROR] ReferenceError: logger is not defined
    at exports.addChat (C:\Users\arsha\OneDrive - Manipal Academy of Higher Education\Documents\Intel_Assistant\backend\app\controllers\chat.controller.js:337:7)
    at process.processTicksAndRejections (node:internal/process/task_queues:95:5)
2025-07-12 16:51:10 [ERROR] ReferenceError: logger is not defined
    at exports.addChat (C:\Users\arsha\OneDrive - Manipal Academy of Higher Education\Documents\Intel_Assistant\backend\app\controllers\chat.controller.js:337:7)
    at process.processTicksAndRejections (node:internal/process/task_queues:95:5)
2025-07-12 16:51:57 [ERROR] ReferenceError: logger is not defined
    at exports.addChat (C:\Users\arsha\OneDrive - Manipal Academy of Higher Education\Documents\Intel_Assistant\backend\app\controllers\chat.controller.js:337:7)
    at process.processTicksAndRejections (node:internal/process/task_queues:95:5)
2025-07-12 16:52:37 [ERROR] ReferenceError: logger is not defined
    at exports.addChat (C:\Users\arsha\OneDrive - Manipal Academy of Higher Education\Documents\Intel_Assistant\backend\app\controllers\chat.controller.js:337:7)
    at process.processTicksAndRejections (node:internal/process/task_queues:95:5)
2025-07-12 16:56:37 [ERROR] ReferenceError: logger is not defined
    at exports.addChat (C:\Users\arsha\OneDrive - Manipal Academy of Higher Education\Documents\Intel_Assistant\backend\app\controllers\chat.controller.js:339:7)
    at process.processTicksAndRejections (node:internal/process/task_queues:95:5)
2025-07-12 16:59:11 [ERROR] ReferenceError: logger is not defined
    at exports.addChat (C:\Users\arsha\OneDrive - Manipal Academy of Higher Education\Documents\Intel_Assistant\backend\app\controllers\chat.controller.js:348:7)
    at process.processTicksAndRejections (node:internal/process/task_queues:95:5)
